[1988:10692:1112/211542.967:WARNING:chrome_main_delegate.cc(660)] This is Chrome version 119.0.6045.124 (not a warning)
[1988:10692:1112/211543.083:INFO:policy_logger.cc(145)] :components\enterprise\browser\controller\chrome_browser_cloud_management_controller.cc(168) Starting CBCM Controller Initialization
[1988:10692:1112/211543.083:INFO:policy_logger.cc(145)] :components\enterprise\browser\controller\chrome_browser_cloud_management_controller.cc(196) No machine level policy manager exists.
[1988:10692:1112/211544.384:ERROR:interface_endpoint_client.cc(702)] Message 0 rejected by interface blink.mojom.WidgetHost
[1988:10692:1112/211545.845:INFO:CONSOLE(0)] "[DOM] Input elements should have autocomplete attributes (suggested: "current-password"): (More info: https://goo.gl/9p2vKq) %o", source: https://ttsfree.com/login (0)
[1988:10692:1112/211545.856:INFO:CONSOLE(1)] " is not a valid value for uspDnsText", source: https://cmp.quantcast.com/tcfv2/cmp2.js?referer=www.themoneytizer.com (1)
[1988:10692:1112/211546.237:INFO:CONSOLE(0)] "Access to XMLHttpRequest at 'https://spl.zeotap.com/?env=mWeb&eventType=pageview&zdid=1258' from origin 'https://ttsfree.com' has been blocked by CORS policy: The value of the 'Access-Control-Allow-Origin' header in the response must not be the wildcard '*' when the request's credentials mode is 'include'. The credentials mode of requests initiated by the XMLHttpRequest is controlled by the withCredentials attribute.", source: https://ttsfree.com/login (0)
[1988:10692:1112/211546.395:INFO:CONSOLE(10)] "[GPT] Using deprecated googletag.encryptedSignalProviders. Please use googletag.secureSignalProviders instead.", source: https://securepubads.g.doubleclick.net/pagead/managed/js/gpt/m202311060101/pubads_impl.js?cb=31079530 (10)
[1988:10692:1112/211546.399:INFO:CONSOLE(10)] "[GPT] Using deprecated googletag.encryptedSignalProviders. Please use googletag.secureSignalProviders instead.", source: https://securepubads.g.doubleclick.net/pagead/managed/js/gpt/m202311060101/pubads_impl.js?cb=31079530 (10)
[1988:10692:1112/211546.405:INFO:CONSOLE(10)] "[GPT] Using deprecated googletag.encryptedSignalProviders. Please use googletag.secureSignalProviders instead.", source: https://securepubads.g.doubleclick.net/pagead/managed/js/gpt/m202311060101/pubads_impl.js?cb=31079530 (10)
[1988:10692:1112/211546.423:INFO:CONSOLE(1)] "33Across Lexicon ID Mappings Provider: PID not found", source: https://cdn-ima.33across.com/ob.js (1)
[1988:10692:1112/211551.141:INFO:CONSOLE(1)] " is not a valid value for uspDnsText", source: https://cmp.quantcast.com/tcfv2/cmp2.js?referer=www.themoneytizer.com (1)
[1988:10692:1112/211551.418:INFO:CONSOLE(10)] "[GPT] Using deprecated googletag.encryptedSignalProviders. Please use googletag.secureSignalProviders instead.", source: https://securepubads.g.doubleclick.net/pagead/managed/js/gpt/m202311060101/pubads_impl.js?cb=31079530 (10)
[1988:10692:1112/211551.420:INFO:CONSOLE(10)] "[GPT] Using deprecated googletag.encryptedSignalProviders. Please use googletag.secureSignalProviders instead.", source: https://securepubads.g.doubleclick.net/pagead/managed/js/gpt/m202311060101/pubads_impl.js?cb=31079530 (10)
[1988:10692:1112/211551.421:INFO:CONSOLE(10)] "[GPT] Using deprecated googletag.encryptedSignalProviders. Please use googletag.secureSignalProviders instead.", source: https://securepubads.g.doubleclick.net/pagead/managed/js/gpt/m202311060101/pubads_impl.js?cb=31079530 (10)
[1988:10692:1112/211551.670:INFO:CONSOLE(1)] "33Across Lexicon ID Mappings Provider: PID not found", source: https://cdn-ima.33across.com/ob.js (1)
[1988:10692:1112/211552.326:INFO:CONSOLE(10)] "[GPT] Attempted to load GPT from both standard and limited ads domains.", source: https://securepubads.g.doubleclick.net/pagead/managed/js/gpt/m202311060101/pubads_impl.js?cb=31079530 (10)
[1988:10692:1112/211552.387:INFO:CONSOLE(0)] "Access to XMLHttpRequest at 'https://spl.zeotap.com/?env=mWeb&eventType=pageview&zdid=1258' from origin 'https://ttsfree.com' has been blocked by CORS policy: The value of the 'Access-Control-Allow-Origin' header in the response must not be the wildcard '*' when the request's credentials mode is 'include'. The credentials mode of requests initiated by the XMLHttpRequest is controlled by the withCredentials attribute.", source: https://ttsfree.com/ (0)
[1988:10692:1112/211555.267:INFO:CONSOLE(500)] "An iframe which has both allow-scripts and allow-same-origin for its sandbox attribute can escape its sandboxing.", source: https://imasdk.googleapis.com/js/sdkloader/ima3.js (500)
[1988:10692:1112/211603.796:INFO:CONSOLE(1)] " is not a valid value for uspDnsText", source: https://cmp.quantcast.com/tcfv2/cmp2.js?referer=www.themoneytizer.com (1)
[1988:10692:1112/211604.152:INFO:CONSOLE(0)] "Access to XMLHttpRequest at 'https://spl.zeotap.com/?env=mWeb&eventType=pageview&zdid=1258' from origin 'https://ttsfree.com' has been blocked by CORS policy: The value of the 'Access-Control-Allow-Origin' header in the response must not be the wildcard '*' when the request's credentials mode is 'include'. The credentials mode of requests initiated by the XMLHttpRequest is controlled by the withCredentials attribute.", source: https://ttsfree.com/ (0)
[1988:10692:1112/211604.567:INFO:CONSOLE(10)] "[GPT] Using deprecated googletag.encryptedSignalProviders. Please use googletag.secureSignalProviders instead.", source: https://securepubads.g.doubleclick.net/pagead/managed/js/gpt/m202311060101/pubads_impl.js?cb=31079530 (10)
[1988:10692:1112/211604.573:INFO:CONSOLE(10)] "[GPT] Using deprecated googletag.encryptedSignalProviders. Please use googletag.secureSignalProviders instead.", source: https://securepubads.g.doubleclick.net/pagead/managed/js/gpt/m202311060101/pubads_impl.js?cb=31079530 (10)
[1988:10692:1112/211604.582:INFO:CONSOLE(10)] "[GPT] Using deprecated googletag.encryptedSignalProviders. Please use googletag.secureSignalProviders instead.", source: https://securepubads.g.doubleclick.net/pagead/managed/js/gpt/m202311060101/pubads_impl.js?cb=31079530 (10)
[1988:10692:1112/211604.592:INFO:CONSOLE(1)] "33Across Lexicon ID Mappings Provider: PID not found", source: https://cdn-ima.33across.com/ob.js (1)
[1988:10692:1112/211604.994:INFO:CONSOLE(500)] "An iframe which has both allow-scripts and allow-same-origin for its sandbox attribute can escape its sandboxing.", source: https://imasdk.googleapis.com/js/sdkloader/ima3.js (500)
[1988:10692:1112/211606.001:INFO:CONSOLE(0)] "Error with Permissions-Policy header: Unrecognized feature: 'ambient-light-sensor'.", source:  (0)
[1988:10692:1112/211610.506:INFO:CONSOLE(1)] "%c 728x90.js: 💻 BUILD_TIME 1/8 | 11:48 color: #4277f4", source:  (1)
[1988:10692:1112/211610.518:INFO:CONSOLE(8)] "Ad started!", source:  (8)
[1988:10692:1112/211610.523:INFO:CONSOLE(8)] "setupDOM", source:  (8)
[1988:10692:1112/211610.936:INFO:CONSOLE(8)] "initTimelineDefault", source:  (8)
[1988:10692:1112/211611.202:INFO:CONSOLE(32)] "a: 0.010986328125 ms", source: https://static.adsafeprotected.com/sca.17.6.2.js (32)
[1988:10692:1112/211611.262:INFO:CONSOLE(32)] "a: 0.0029296875 ms", source: https://static.adsafeprotected.com/sca.17.6.2.js (32)
[1988:10692:1112/211611.288:INFO:CONSOLE(32)] "a: 0.005859375 ms", source: https://static.adsafeprotected.com/sca.17.6.2.js (32)
[1988:10692:1112/211611.773:INFO:CONSOLE(286)] "Uncaught (in promise) InvalidCharacterError: Failed to execute 'atob' on 'Window': The string to be decoded is not correctly encoded.", source: https://www.googleadservices.com/pagead/managed/js/activeview/current/reach_worklet.js (286)
[1988:10692:1112/211636.257:INFO:CONSOLE(133)] ":", source: https://ttsfree.com/templates/voice/js/apps.js?v=261023.01 (133)
[1988:10692:1112/211636.257:INFO:CONSOLE(134)] "[object Object]", source: https://ttsfree.com/templates/voice/js/apps.js?v=261023.01 (134)
[1988:10692:1112/211636.257:INFO:CONSOLE(136)] "pass_time: 134", source: https://ttsfree.com/templates/voice/js/apps.js?v=261023.01 (136)
[1988:10692:1112/211636.257:INFO:CONSOLE(137)] "count_time: 1699803996134-1699803996268", source: https://ttsfree.com/templates/voice/js/apps.js?v=261023.01 (137)
[1988:10692:1112/211637.320:INFO:CONSOLE(133)] ":", source: https://ttsfree.com/templates/voice/js/apps.js?v=261023.01 (133)
[1988:10692:1112/211637.320:INFO:CONSOLE(134)] "[object Object]", source: https://ttsfree.com/templates/voice/js/apps.js?v=261023.01 (134)
[1988:10692:1112/211637.321:INFO:CONSOLE(136)] "pass_time: 1186", source: https://ttsfree.com/templates/voice/js/apps.js?v=261023.01 (136)
[1988:10692:1112/211637.322:INFO:CONSOLE(137)] "count_time: 1699803996134-1699803997320", source: https://ttsfree.com/templates/voice/js/apps.js?v=261023.01 (137)
[1988:10692:1112/211638.379:INFO:CONSOLE(133)] ":", source: https://ttsfree.com/templates/voice/js/apps.js?v=261023.01 (133)
[1988:10692:1112/211638.379:INFO:CONSOLE(134)] "[object Object]", source: https://ttsfree.com/templates/voice/js/apps.js?v=261023.01 (134)
[1988:10692:1112/211638.379:INFO:CONSOLE(136)] "pass_time: 2244", source: https://ttsfree.com/templates/voice/js/apps.js?v=261023.01 (136)
[1988:10692:1112/211638.379:INFO:CONSOLE(137)] "count_time: 1699803996134-1699803998378", source: https://ttsfree.com/templates/voice/js/apps.js?v=261023.01 (137)
[1988:10692:1112/211639.519:INFO:CONSOLE(133)] "mp3-output.mp3:99", source: https://ttsfree.com/templates/voice/js/apps.js?v=261023.01 (133)
[1988:10692:1112/211639.519:INFO:CONSOLE(134)] "[object Object]", source: https://ttsfree.com/templates/voice/js/apps.js?v=261023.01 (134)
[1988:10692:1112/211639.520:INFO:CONSOLE(136)] "pass_time: 3385", source: https://ttsfree.com/templates/voice/js/apps.js?v=261023.01 (136)
[1988:10692:1112/211639.521:INFO:CONSOLE(137)] "count_time: 1699803996134-1699803999519", source: https://ttsfree.com/templates/voice/js/apps.js?v=261023.01 (137)
[1988:10692:1112/211640.622:INFO:CONSOLE(133)] ":100", source: https://ttsfree.com/templates/voice/js/apps.js?v=261023.01 (133)
[1988:10692:1112/211640.622:INFO:CONSOLE(134)] "[object Object]", source: https://ttsfree.com/templates/voice/js/apps.js?v=261023.01 (134)
[1988:10692:1112/211640.622:INFO:CONSOLE(136)] "pass_time: 4487", source: https://ttsfree.com/templates/voice/js/apps.js?v=261023.01 (136)
[1988:10692:1112/211640.622:INFO:CONSOLE(137)] "count_time: 1699803996134-1699804000621", source: https://ttsfree.com/templates/voice/js/apps.js?v=261023.01 (137)
[1988:10692:1112/211643.898:WARNING:pref_notifier_impl.cc(41)] Pref observer for media_router.cast_allow_all_ips found at shutdown.
