[9712:2500:1112/203225.154:WARNING:chrome_main_delegate.cc(660)] This is Chrome version 119.0.6045.124 (not a warning)
[9712:2500:1112/203225.248:INFO:policy_logger.cc(145)] :components\enterprise\browser\controller\chrome_browser_cloud_management_controller.cc(168) Starting CBCM Controller Initialization
[9712:2500:1112/203225.248:INFO:policy_logger.cc(145)] :components\enterprise\browser\controller\chrome_browser_cloud_management_controller.cc(196) No machine level policy manager exists.
[9712:2500:1112/203228.544:INFO:CONSOLE(11579)] "LegacyDataMixin will be applied to all legacy elements.
Set `_legacyUndefinedCheck: true` on element class to enable.", source: https://studio.youtube.com/s/_/creatorstudio/_/js/k=creatorstudio.cs.en.2TfvCns_qCg.es5.O/d=1/excm=core/br=1/rs=ABMqQEsraEWbtoDrEYSTosYQ1lsr-FufRQ/m=core (11579)
[9712:2500:1112/203446.850:INFO:CONSOLE(0)] "Error with Permissions-Policy header: Unrecognized feature: 'ambient-light-sensor'.", source:  (0)
[9712:2500:1112/203447.558:INFO:CONSOLE(235)] "
%cStop! font-family:helvetica; font-size:20px; font-size:50px; font-weight:bold; color:red; -webkit-text-stroke:1px black;", source: https://static.cdninstagram.com/rsrc.php/v3/yR/r/rQQsZJp4K9N.js?_nc_x=Ij3Wp8lg5Kz (235)
[9712:2500:1112/203447.558:INFO:CONSOLE(235)] "
%cThis is a browser feature intended for developers. If someone told you to copy-paste something here to enable an Instagram feature or "hack" someone's account, it is a scam and will give them access to your Instagram account. font-family:helvetica; font-size:20px; ", source: https://static.cdninstagram.com/rsrc.php/v3/yR/r/rQQsZJp4K9N.js?_nc_x=Ij3Wp8lg5Kz (235)
[9712:2500:1112/203447.558:INFO:CONSOLE(235)] "
%cSee https://www.facebook.com/selfxss for more information. font-family:helvetica; font-size:20px; ", source: https://static.cdninstagram.com/rsrc.php/v3/yR/r/rQQsZJp4K9N.js?_nc_x=Ij3Wp8lg5Kz (235)
[9712:2500:1112/203447.558:INFO:CONSOLE(235)] "
%c ", source: https://static.cdninstagram.com/rsrc.php/v3/yR/r/rQQsZJp4K9N.js?_nc_x=Ij3Wp8lg5Kz (235)
[9712:2500:1112/203448.004:INFO:CONSOLE(0)] "[DOM] Input elements should have autocomplete attributes (suggested: "current-password"): (More info: https://goo.gl/9p2vKq) %o", source: https://www.instagram.com/ (0)
[9712:2500:1112/203602.118:INFO:CONSOLE(0)] "Error with Permissions-Policy header: Unrecognized feature: 'ambient-light-sensor'.", source:  (0)
[9712:2500:1112/203602.133:ERROR:interface_endpoint_client.cc(702)] Message 5 rejected by interface blink.mojom.WidgetHost
[9712:2500:1112/203603.194:INFO:CONSOLE(235)] "
%cStop! font-family:helvetica; font-size:20px; font-size:50px; font-weight:bold; color:red; -webkit-text-stroke:1px black;", source: https://static.cdninstagram.com/rsrc.php/v3/yR/r/rQQsZJp4K9N.js?_nc_x=Ij3Wp8lg5Kz (235)
[9712:2500:1112/203603.194:INFO:CONSOLE(235)] "
%cThis is a browser feature intended for developers. If someone told you to copy-paste something here to enable an Instagram feature or "hack" someone's account, it is a scam and will give them access to your Instagram account. font-family:helvetica; font-size:20px; ", source: https://static.cdninstagram.com/rsrc.php/v3/yR/r/rQQsZJp4K9N.js?_nc_x=Ij3Wp8lg5Kz (235)
[9712:2500:1112/203603.194:INFO:CONSOLE(235)] "
%cSee https://www.facebook.com/selfxss for more information. font-family:helvetica; font-size:20px; ", source: https://static.cdninstagram.com/rsrc.php/v3/yR/r/rQQsZJp4K9N.js?_nc_x=Ij3Wp8lg5Kz (235)
[9712:2500:1112/203603.194:INFO:CONSOLE(235)] "
%c ", source: https://static.cdninstagram.com/rsrc.php/v3/yR/r/rQQsZJp4K9N.js?_nc_x=Ij3Wp8lg5Kz (235)
[9712:2500:1112/203603.580:INFO:CONSOLE(0)] "Error with Permissions-Policy header: Unrecognized feature: 'ambient-light-sensor'.", source:  (0)
[9712:2500:1112/203603.892:INFO:CONSOLE(0)] "Error with Permissions-Policy header: Unrecognized feature: 'ambient-light-sensor'.", source:  (0)
[9712:2500:1112/203603.897:INFO:CONSOLE(1)] "[Report Only] Refused to load the image 'https://googleads.g.doubleclick.net/pagead/viewthroughconversion/858885276/?value=1.00&currency_code=USD&label=qGVACPj3of0DEJyZxpkD&guid=ON&script=0' because it violates the following Content Security Policy directive: "img-src *.instagram.com *.facebook.com *.fbcdn.net data: blob: *.cdninstagram.com *.fbsbx.com android-webview-video-poster: *.giphy.com *.teststagram.com *.igsonar.com *.google-analytics.com".
", source: https://www.instagram.com/paid_ads/generete_pixels/? (1)
[9712:2500:1112/203603.993:INFO:CONSOLE(0)] "[Report Only] Refused to load the image 'https://www.google.com/pagead/1p-user-list/858885276/?value=1.00&currency_code=USD&label=qGVACPj3of0DEJyZxpkD&guid=ON&script=0&is_vtc=1&cid=CAQSKQDICaaNPzRl8hn8ObjlXc6XYGTUdBHHx5Cfz3zO6gKrNiDHT4ChPNEA&random=2126925758' because it violates the following Content Security Policy directive: "img-src *.instagram.com *.facebook.com *.fbcdn.net data: blob: *.cdninstagram.com *.fbsbx.com android-webview-video-poster: *.giphy.com *.teststagram.com *.igsonar.com *.google-analytics.com".
", source: https://www.instagram.com/paid_ads/generete_pixels/? (0)
[9712:2500:1112/203604.106:INFO:CONSOLE(0)] "[Report Only] Refused to load the image 'https://www.google.co.in/pagead/1p-user-list/858885276/?value=1.00&currency_code=USD&label=qGVACPj3of0DEJyZxpkD&guid=ON&script=0&is_vtc=1&cid=CAQSKQDICaaNPzRl8hn8ObjlXc6XYGTUdBHHx5Cfz3zO6gKrNiDHT4ChPNEA&random=2126925758&ipr=y' because it violates the following Content Security Policy directive: "img-src *.instagram.com *.facebook.com *.fbcdn.net data: blob: *.cdninstagram.com *.fbsbx.com android-webview-video-poster: *.giphy.com *.teststagram.com *.igsonar.com *.google-analytics.com".
", source: https://www.instagram.com/paid_ads/generete_pixels/? (0)
[9712:2500:1112/203604.106:INFO:CONSOLE(0)] "Refused to load the image 'https://www.google.co.in/pagead/1p-user-list/858885276/?value=1.00&currency_code=USD&label=qGVACPj3of0DEJyZxpkD&guid=ON&script=0&is_vtc=1&cid=CAQSKQDICaaNPzRl8hn8ObjlXc6XYGTUdBHHx5Cfz3zO6gKrNiDHT4ChPNEA&random=2126925758&ipr=y' because it violates the following Content Security Policy directive: "img-src *.instagram.com *.facebook.com *.fbcdn.net data: blob: *.cdninstagram.com www.gstatic.com *.fbsbx.com android-webview-video-poster: *.giphy.com www.googleadservices.com *.doubleclick.net *.google.com *.google.co.uk *.teststagram.com *.igsonar.com *.google-analytics.com *.whatsapp.net".
", source: https://www.instagram.com/paid_ads/generete_pixels/? (0)
[9712:2500:1112/203604.939:INFO:CONSOLE(0)] "Error with Permissions-Policy header: Unrecognized feature: 'ambient-light-sensor'.", source:  (0)
[9712:2500:1112/203608.925:INFO:CONSOLE(235)] "
%cStop! font-family:helvetica; font-size:20px; font-size:50px; font-weight:bold; color:red; -webkit-text-stroke:1px black;", source: https://static.cdninstagram.com/rsrc.php/v3/yR/r/rQQsZJp4K9N.js?_nc_x=Ij3Wp8lg5Kz (235)
[9712:2500:1112/203608.925:INFO:CONSOLE(235)] "
%cThis is a browser feature intended for developers. If someone told you to copy-paste something here to enable an Instagram feature or "hack" someone's account, it is a scam and will give them access to your Instagram account. font-family:helvetica; font-size:20px; ", source: https://static.cdninstagram.com/rsrc.php/v3/yR/r/rQQsZJp4K9N.js?_nc_x=Ij3Wp8lg5Kz (235)
[9712:2500:1112/203608.925:INFO:CONSOLE(235)] "
%cSee https://www.facebook.com/selfxss for more information. font-family:helvetica; font-size:20px; ", source: https://static.cdninstagram.com/rsrc.php/v3/yR/r/rQQsZJp4K9N.js?_nc_x=Ij3Wp8lg5Kz (235)
[9712:2500:1112/203608.925:INFO:CONSOLE(235)] "
%c ", source: https://static.cdninstagram.com/rsrc.php/v3/yR/r/rQQsZJp4K9N.js?_nc_x=Ij3Wp8lg5Kz (235)
[9712:2500:1112/203615.554:INFO:CONSOLE(61)] "ErrorUtils caught an error:

[MAWWebWorkerSingletonAsync Script Import Error: Dedicated Worker]: "Uncaught NetworkError: Failed to execute 'importScripts' on 'WorkerGlobalScope': The script at 'https://static.cdninstagram.com/rsrc.php/v3/yQ/r/bpSHoeP39cU.js?_nc_x=Ij3Wp8lg5Kz' failed to load.":1:193:https://www.instagram.com/static_resources/webworker_v1/init_script/?__hs=19673.HYP%3Ainstagram_web_pkg.2.1..0.1&__spin_r=1009849621&__spin_b=trunk&__spin_t=1699801564

Subsequent non-fatal errors won't be logged; see https://fburl.com/debugjs.", source: https://static.cdninstagram.com/rsrc.php/v3/yR/r/rQQsZJp4K9N.js?_nc_x=Ij3Wp8lg5Kz (61)
[9712:2500:1112/203615.558:INFO:CONSOLE(1)] "Uncaught NetworkError: Failed to execute 'importScripts' on 'WorkerGlobalScope': The script at 'https://static.cdninstagram.com/rsrc.php/v3/yQ/r/bpSHoeP39cU.js?_nc_x=Ij3Wp8lg5Kz' failed to load.", source: https://www.instagram.com/static_resources/webworker_v1/init_script/?__hs=19673.HYP%3Ainstagram_web_pkg.2.1..0.1&__spin_r=1009849621&__spin_b=trunk&__spin_t=1699801564 (1)
[9712:2500:1112/203634.418:INFO:CONSOLE(1336)] "Name: Error
Message: Uploads: No channel settings for {0}
Error Params: ["innertube_studio:D40485DA-BE5B-4EE2-9287-870181B028D5:0"]
File name: undefined
Stacktrace: Error: Uploads: No channel settings for {0}
    at _.Xh (https://studio.youtube.com/s/_/creatorstudio/_/js/k=creatorstudio.cs.en.2TfvCns_qCg.es5.O/d=1/excm=core/br=1/rs=ABMqQEsraEWbtoDrEYSTosYQ1lsr-FufRQ/m=core:1856:24)
    at _.d.createInitialVideoAndForm (https://studio.youtube.com/s/_/creatorstudio/_/js/k=creatorstudio.cs.en.2TfvCns_qCg.es5.O/d=1/exm=channel_dashboard,core/excm=core/ed=1/br=1/rs=ABMqQEsraEWbtoDrEYSTosYQ1lsr-FufRQ/m=dialogs:16080:184)
    at _.kub.program_ (https://studio.youtube.com/s/_/creatorstudio/_/js/k=creatorstudio.cs.en.2TfvCns_qCg.es5.O/d=1/exm=channel_dashboard,core/excm=core/ed=1/br=1/rs=ABMqQEsraEWbtoDrEYSTosYQ1lsr-FufRQ/m=dialogs:16070:296)
    at mub (https://studio.youtube.com/s/_/creatorstudio/_/js/k=creatorstudio.cs.en.2TfvCns_qCg.es5.O/d=1/excm=core/br=1/rs=ABMqQEsraEWbtoDrEYSTosYQ1lsr-FufRQ/m=core:5200:58)
    at _.kub.next_ (https://studio.youtube.com/s/_/creatorstudio/_/js/k=creatorstudio.cs.en.2TfvCns_qCg.es5.O/d=1/excm=core/br=1/rs=ABMqQEsraEWbtoDrEYSTosYQ1lsr-FufRQ/m=core:5195:199)
    at _.oub.next (https://studio.youtube.com/s/_/creatorstudio/_/js/k=creatorstudio.cs.en.2TfvCns_qCg.es5.O/d=1/excm=core/br=1/rs=ABMqQEsraEWbtoDrEYSTosYQ1lsr-FufRQ/m=core:5201:50)
    at b (https://studio.youtube.com/s/_/creatorstudio/_/js/k=creatorstudio.cs.en.2TfvCns_qCg.es5.O/d=1/excm=core/br=1/rs=ABMqQEsraEWbtoDrEYSTosYQ1lsr-FufRQ/m=core:5205:40) Error: Uploads: No channel settings for {0}", source: https://studio.youtube.com/s/_/creatorstudio/_/js/k=creatorstudio.cs.en.2TfvCns_qCg.es5.O/d=1/excm=core/br=1/rs=ABMqQEsraEWbtoDrEYSTosYQ1lsr-FufRQ/m=core (1336)
[9712:2500:1112/203637.310:INFO:CONSOLE(1336)] "Name: Error
Message: AsyncUploadDefaults failed: Unable to fetch video: {0}
File name: undefined
Stacktrace: Error: AsyncUploadDefaults failed: Unable to fetch video: {0}
    at _.$h (https://studio.youtube.com/s/_/creatorstudio/_/js/k=creatorstudio.cs.en.2TfvCns_qCg.es5.O/d=1/excm=core/br=1/rs=ABMqQEsraEWbtoDrEYSTosYQ1lsr-FufRQ/m=core:1860:315)
    at _.kub.program_ (https://studio.youtube.com/s/_/creatorstudio/_/js/k=creatorstudio.cs.en.2TfvCns_qCg.es5.O/d=1/excm=core/br=1/rs=ABMqQEsraEWbtoDrEYSTosYQ1lsr-FufRQ/m=core:44987:120)
    at mub (https://studio.youtube.com/s/_/creatorstudio/_/js/k=creatorstudio.cs.en.2TfvCns_qCg.es5.O/d=1/excm=core/br=1/rs=ABMqQEsraEWbtoDrEYSTosYQ1lsr-FufRQ/m=core:5200:58)
    at _.kub.throw_ (https://studio.youtube.com/s/_/creatorstudio/_/js/k=creatorstudio.cs.en.2TfvCns_qCg.es5.O/d=1/excm=core/br=1/rs=ABMqQEsraEWbtoDrEYSTosYQ1lsr-FufRQ/m=core:5198:205)
    at _.oub.throw (https://studio.youtube.com/s/_/creatorstudio/_/js/k=creatorstudio.cs.en.2TfvCns_qCg.es5.O/d=1/excm=core/br=1/rs=ABMqQEsraEWbtoDrEYSTosYQ1lsr-FufRQ/m=core:5202:33)
    at c (https://studio.youtube.com/s/_/creatorstudio/_/js/k=creatorstudio.cs.en.2TfvCns_qCg.es5.O/d=1/excm=core/br=1/rs=ABMqQEsraEWbtoDrEYSTosYQ1lsr-FufRQ/m=core:5206:29) Error: AsyncUploadDefaults failed: Unable to fetch video: {0}", source: https://studio.youtube.com/s/_/creatorstudio/_/js/k=creatorstudio.cs.en.2TfvCns_qCg.es5.O/d=1/excm=core/br=1/rs=ABMqQEsraEWbtoDrEYSTosYQ1lsr-FufRQ/m=core (1336)
[9712:2500:1112/203652.057:INFO:CONSOLE(1336)] "Name: TypeError
Message: b.onAnchorTap is not a function
File name: undefined
Stacktrace: TypeError: b.onAnchorTap is not a function
    at _.d.maybeDismissDiscoveryTooltip (https://studio.youtube.com/s/_/creatorstudio/_/js/k=creatorstudio.cs.en.2TfvCns_qCg.es5.O/d=1/exm=channel_dashboard,core/excm=core/ed=1/br=1/rs=ABMqQEsraEWbtoDrEYSTosYQ1lsr-FufRQ/m=dialogs:556:340)
    at Object.Jka [as fn] (https://studio.youtube.com/s/_/creatorstudio/_/js/k=creatorstudio.cs.en.2TfvCns_qCg.es5.O/d=1/excm=core/br=1/rs=ABMqQEsraEWbtoDrEYSTosYQ1lsr-FufRQ/m=core:802:121)
    at Bka (https://studio.youtube.com/s/_/creatorstudio/_/js/k=creatorstudio.cs.en.2TfvCns_qCg.es5.O/d=1/excm=core/br=1/rs=ABMqQEsraEWbtoDrEYSTosYQ1lsr-FufRQ/m=core:785:221)
    at a._propertiesChanged (https://studio.youtube.com/s/_/creatorstudio/_/js/k=creatorstudio.cs.en.2TfvCns_qCg.es5.O/d=1/excm=core/br=1/rs=ABMqQEsraEWbtoDrEYSTosYQ1lsr-FufRQ/m=core:10112:123)
    at b._propertiesChanged (https://studio.youtube.com/s/_/creatorstudio/_/js/k=creatorstudio.cs.en.2TfvCns_qCg.es5.O/d=1/excm=core/br=1/rs=ABMqQEsraEWbtoDrEYSTosYQ1lsr-FufRQ/m=core:39719:311)
    at b._flushProperties (https://studio.youtube.com/s/_/creatorstudio/_/js/k=creatorstudio.cs.en.2TfvCns_qCg.es5.O/d=1/excm=core/br=1/rs=ABMqQEsraEWbtoDrEYSTosYQ1lsr-FufRQ/m=core:10035:200)
    at h.<anonymous> (https://studio.youtube.com/s/_/creatorstudio/_/js/k=creatorstudio.cs.en.2TfvCns_qCg.es5.O/d=1/excm=core/br=1/rs=ABMqQEsraEWbtoDrEYSTosYQ1lsr-FufRQ/m=core:39728:502)
    at x._flushProperties (https://studio.youtube.com/s/_/creatorstudio/_/js/k=creatorstudio.cs.en.2TfvCns_qCg.es5.O/d=1/excm=core/br=1/rs=ABMqQEsraEWbtoDrEYSTosYQ1lsr-FufRQ/m=core:2001:316)
    at a.__enableOrFlushClients (https://studio.youtube.com/s/_/creatorstudio/_/js/k=creatorstudio.cs.en.2TfvCns_qCg.es5.O/d=1/excm=core/br=1/rs=ABMqQEsraEWbtoDrEYSTosYQ1lsr-FufRQ/m=core:10107:190)
    at a._flushClients (https://studio.youtube.com/s/_/creatorstudio/_/js/k=creatorstudio.cs.en.2TfvCns_qCg.es5.O/d=1/excm=core/br=1/rs=ABMqQEsraEWbtoDrEYSTosYQ1lsr-FufRQ/m=core:10106:67) TypeError: b.onAnchorTap is not a function", source: https://studio.youtube.com/s/_/creatorstudio/_/js/k=creatorstudio.cs.en.2TfvCns_qCg.es5.O/d=1/excm=core/br=1/rs=ABMqQEsraEWbtoDrEYSTosYQ1lsr-FufRQ/m=core (1336)
[9712:2500:1112/203652.059:INFO:CONSOLE(556)] "Uncaught TypeError: b.onAnchorTap is not a function", source: https://studio.youtube.com/s/_/creatorstudio/_/js/k=creatorstudio.cs.en.2TfvCns_qCg.es5.O/d=1/exm=channel_dashboard,core/excm=core/ed=1/br=1/rs=ABMqQEsraEWbtoDrEYSTosYQ1lsr-FufRQ/m=dialogs (556)
[9712:2500:1112/203700.473:INFO:CONSOLE(1336)] "Name: Error
Message: Failed to fetch video ({0}) in VideoUploadProgressService: {1}
Error Params: ["F62jHPi0edQ","{}"]
File name: undefined
Stacktrace: Error: Failed to fetch video ({0}) in VideoUploadProgressService: {1}
    at _.Xh (https://studio.youtube.com/s/_/creatorstudio/_/js/k=creatorstudio.cs.en.2TfvCns_qCg.es5.O/d=1/excm=core/br=1/rs=ABMqQEsraEWbtoDrEYSTosYQ1lsr-FufRQ/m=core:1856:24)
    at _.kub.program_ (https://studio.youtube.com/s/_/creatorstudio/_/js/k=creatorstudio.cs.en.2TfvCns_qCg.es5.O/d=1/excm=core/br=1/rs=ABMqQEsraEWbtoDrEYSTosYQ1lsr-FufRQ/m=core:45555:485)
    at mub (https://studio.youtube.com/s/_/creatorstudio/_/js/k=creatorstudio.cs.en.2TfvCns_qCg.es5.O/d=1/excm=core/br=1/rs=ABMqQEsraEWbtoDrEYSTosYQ1lsr-FufRQ/m=core:5200:58)
    at _.kub.throw_ (https://studio.youtube.com/s/_/creatorstudio/_/js/k=creatorstudio.cs.en.2TfvCns_qCg.es5.O/d=1/excm=core/br=1/rs=ABMqQEsraEWbtoDrEYSTosYQ1lsr-FufRQ/m=core:5198:205)
    at _.oub.throw (https://studio.youtube.com/s/_/creatorstudio/_/js/k=creatorstudio.cs.en.2TfvCns_qCg.es5.O/d=1/excm=core/br=1/rs=ABMqQEsraEWbtoDrEYSTosYQ1lsr-FufRQ/m=core:5202:33)
    at c (https://studio.youtube.com/s/_/creatorstudio/_/js/k=creatorstudio.cs.en.2TfvCns_qCg.es5.O/d=1/excm=core/br=1/rs=ABMqQEsraEWbtoDrEYSTosYQ1lsr-FufRQ/m=core:5206:29) Error: Failed to fetch video ({0}) in VideoUploadProgressService: {1}", source: https://studio.youtube.com/s/_/creatorstudio/_/js/k=creatorstudio.cs.en.2TfvCns_qCg.es5.O/d=1/excm=core/br=1/rs=ABMqQEsraEWbtoDrEYSTosYQ1lsr-FufRQ/m=core (1336)
[9712:2500:1112/203703.015:INFO:CONSOLE(0)] "Error with Permissions-Policy header: Unrecognized feature: 'ambient-light-sensor'.", source:  (0)
[9712:2500:1112/203705.329:INFO:CONSOLE(235)] "
%cStop! font-family:helvetica; font-size:20px; font-size:50px; font-weight:bold; color:red; -webkit-text-stroke:1px black;", source: https://static.cdninstagram.com/rsrc.php/v3/yR/r/rQQsZJp4K9N.js?_nc_x=Ij3Wp8lg5Kz (235)
[9712:2500:1112/203705.329:INFO:CONSOLE(235)] "
%cThis is a browser feature intended for developers. If someone told you to copy-paste something here to enable an Instagram feature or "hack" someone's account, it is a scam and will give them access to your Instagram account. font-family:helvetica; font-size:20px; ", source: https://static.cdninstagram.com/rsrc.php/v3/yR/r/rQQsZJp4K9N.js?_nc_x=Ij3Wp8lg5Kz (235)
[9712:2500:1112/203705.329:INFO:CONSOLE(235)] "
%cSee https://www.facebook.com/selfxss for more information. font-family:helvetica; font-size:20px; ", source: https://static.cdninstagram.com/rsrc.php/v3/yR/r/rQQsZJp4K9N.js?_nc_x=Ij3Wp8lg5Kz (235)
[9712:2500:1112/203705.330:INFO:CONSOLE(235)] "
%c ", source: https://static.cdninstagram.com/rsrc.php/v3/yR/r/rQQsZJp4K9N.js?_nc_x=Ij3Wp8lg5Kz (235)
[9712:2500:1112/203708.744:INFO:CONSOLE(0)] "Error with Permissions-Policy header: Unrecognized feature: 'ambient-light-sensor'.", source:  (0)
[9712:2500:1112/203711.323:INFO:CONSOLE(61)] "ErrorUtils caught an error:

[LinkDeviceToTheSession] fetch is not 200: 404 [Caught in: [DeviceRegistration] webworker]

Subsequent non-fatal errors won't be logged; see https://fburl.com/debugjs.", source: https://static.cdninstagram.com/rsrc.php/v3/yR/r/rQQsZJp4K9N.js?_nc_x=Ij3Wp8lg5Kz (61)
[9712:2500:1112/203714.659:INFO:CONSOLE(0)] "Error with Permissions-Policy header: Unrecognized feature: 'ambient-light-sensor'.", source:  (0)
[9712:2500:1112/203716.165:INFO:CONSOLE(11579)] "LegacyDataMixin will be applied to all legacy elements.
Set `_legacyUndefinedCheck: true` on element class to enable.", source: https://studio.youtube.com/s/_/creatorstudio/_/js/k=creatorstudio.cs.en.2TfvCns_qCg.es5.O/d=1/excm=core/br=1/rs=ABMqQEsraEWbtoDrEYSTosYQ1lsr-FufRQ/m=core (11579)
[9712:2500:1112/203753.041:INFO:CONSOLE(0)] "Error with Permissions-Policy header: Unrecognized feature: 'ambient-light-sensor'.", source:  (0)
[9712:2500:1112/203755.737:INFO:CONSOLE(235)] "
%cStop! font-family:helvetica; font-size:20px; font-size:50px; font-weight:bold; color:red; -webkit-text-stroke:1px black;", source: https://static.cdninstagram.com/rsrc.php/v3/yR/r/rQQsZJp4K9N.js?_nc_x=Ij3Wp8lg5Kz (235)
[9712:2500:1112/203755.737:INFO:CONSOLE(235)] "
%cThis is a browser feature intended for developers. If someone told you to copy-paste something here to enable an Instagram feature or "hack" someone's account, it is a scam and will give them access to your Instagram account. font-family:helvetica; font-size:20px; ", source: https://static.cdninstagram.com/rsrc.php/v3/yR/r/rQQsZJp4K9N.js?_nc_x=Ij3Wp8lg5Kz (235)
[9712:2500:1112/203755.737:INFO:CONSOLE(235)] "
%cSee https://www.facebook.com/selfxss for more information. font-family:helvetica; font-size:20px; ", source: https://static.cdninstagram.com/rsrc.php/v3/yR/r/rQQsZJp4K9N.js?_nc_x=Ij3Wp8lg5Kz (235)
[9712:2500:1112/203755.737:INFO:CONSOLE(235)] "
%c ", source: https://static.cdninstagram.com/rsrc.php/v3/yR/r/rQQsZJp4K9N.js?_nc_x=Ij3Wp8lg5Kz (235)
[9712:2500:1112/203759.339:INFO:CONSOLE(61)] "ErrorUtils caught an error:

[LinkDeviceToTheSession] fetch is not 200: 404 [Caught in: [DeviceRegistration] webworker]

Subsequent non-fatal errors won't be logged; see https://fburl.com/debugjs.", source: https://static.cdninstagram.com/rsrc.php/v3/yR/r/rQQsZJp4K9N.js?_nc_x=Ij3Wp8lg5Kz (61)
[9712:2500:1112/203759.390:INFO:CONSOLE(0)] "Error with Permissions-Policy header: Unrecognized feature: 'ambient-light-sensor'.", source:  (0)
[9712:2500:1112/203816.959:INFO:CONSOLE(1336)] "Name: Error
Message: Uploads: No channel settings for {0}
Error Params: ["innertube_studio:9C3DD11F-1582-4BAC-85CF-9C5D29751719:0"]
File name: undefined
Stacktrace: Error: Uploads: No channel settings for {0}
    at _.Xh (https://studio.youtube.com/s/_/creatorstudio/_/js/k=creatorstudio.cs.en.2TfvCns_qCg.es5.O/d=1/excm=core/br=1/rs=ABMqQEsraEWbtoDrEYSTosYQ1lsr-FufRQ/m=core:1856:24)
    at _.d.createInitialVideoAndForm (https://studio.youtube.com/s/_/creatorstudio/_/js/k=creatorstudio.cs.en.2TfvCns_qCg.es5.O/d=1/exm=channel_dashboard,core/excm=core/ed=1/br=1/rs=ABMqQEsraEWbtoDrEYSTosYQ1lsr-FufRQ/m=dialogs:16080:184)
    at _.kub.program_ (https://studio.youtube.com/s/_/creatorstudio/_/js/k=creatorstudio.cs.en.2TfvCns_qCg.es5.O/d=1/exm=channel_dashboard,core/excm=core/ed=1/br=1/rs=ABMqQEsraEWbtoDrEYSTosYQ1lsr-FufRQ/m=dialogs:16070:296)
    at mub (https://studio.youtube.com/s/_/creatorstudio/_/js/k=creatorstudio.cs.en.2TfvCns_qCg.es5.O/d=1/excm=core/br=1/rs=ABMqQEsraEWbtoDrEYSTosYQ1lsr-FufRQ/m=core:5200:58)
    at _.kub.next_ (https://studio.youtube.com/s/_/creatorstudio/_/js/k=creatorstudio.cs.en.2TfvCns_qCg.es5.O/d=1/excm=core/br=1/rs=ABMqQEsraEWbtoDrEYSTosYQ1lsr-FufRQ/m=core:5195:199)
    at _.oub.next (https://studio.youtube.com/s/_/creatorstudio/_/js/k=creatorstudio.cs.en.2TfvCns_qCg.es5.O/d=1/excm=core/br=1/rs=ABMqQEsraEWbtoDrEYSTosYQ1lsr-FufRQ/m=core:5201:50)
    at b (https://studio.youtube.com/s/_/creatorstudio/_/js/k=creatorstudio.cs.en.2TfvCns_qCg.es5.O/d=1/excm=core/br=1/rs=ABMqQEsraEWbtoDrEYSTosYQ1lsr-FufRQ/m=core:5205:40) Error: Uploads: No channel settings for {0}", source: https://studio.youtube.com/s/_/creatorstudio/_/js/k=creatorstudio.cs.en.2TfvCns_qCg.es5.O/d=1/excm=core/br=1/rs=ABMqQEsraEWbtoDrEYSTosYQ1lsr-FufRQ/m=core (1336)
[9712:2500:1112/203820.116:INFO:CONSOLE(1336)] "Name: Error
Message: AsyncUploadDefaults failed: Unable to fetch video: {0}
File name: undefined
Stacktrace: Error: AsyncUploadDefaults failed: Unable to fetch video: {0}
    at _.$h (https://studio.youtube.com/s/_/creatorstudio/_/js/k=creatorstudio.cs.en.2TfvCns_qCg.es5.O/d=1/excm=core/br=1/rs=ABMqQEsraEWbtoDrEYSTosYQ1lsr-FufRQ/m=core:1860:315)
    at _.kub.program_ (https://studio.youtube.com/s/_/creatorstudio/_/js/k=creatorstudio.cs.en.2TfvCns_qCg.es5.O/d=1/excm=core/br=1/rs=ABMqQEsraEWbtoDrEYSTosYQ1lsr-FufRQ/m=core:44987:120)
    at mub (https://studio.youtube.com/s/_/creatorstudio/_/js/k=creatorstudio.cs.en.2TfvCns_qCg.es5.O/d=1/excm=core/br=1/rs=ABMqQEsraEWbtoDrEYSTosYQ1lsr-FufRQ/m=core:5200:58)
    at _.kub.throw_ (https://studio.youtube.com/s/_/creatorstudio/_/js/k=creatorstudio.cs.en.2TfvCns_qCg.es5.O/d=1/excm=core/br=1/rs=ABMqQEsraEWbtoDrEYSTosYQ1lsr-FufRQ/m=core:5198:205)
    at _.oub.throw (https://studio.youtube.com/s/_/creatorstudio/_/js/k=creatorstudio.cs.en.2TfvCns_qCg.es5.O/d=1/excm=core/br=1/rs=ABMqQEsraEWbtoDrEYSTosYQ1lsr-FufRQ/m=core:5202:33)
    at c (https://studio.youtube.com/s/_/creatorstudio/_/js/k=creatorstudio.cs.en.2TfvCns_qCg.es5.O/d=1/excm=core/br=1/rs=ABMqQEsraEWbtoDrEYSTosYQ1lsr-FufRQ/m=core:5206:29) Error: AsyncUploadDefaults failed: Unable to fetch video: {0}", source: https://studio.youtube.com/s/_/creatorstudio/_/js/k=creatorstudio.cs.en.2TfvCns_qCg.es5.O/d=1/excm=core/br=1/rs=ABMqQEsraEWbtoDrEYSTosYQ1lsr-FufRQ/m=core (1336)
[9712:2500:1112/203834.608:INFO:CONSOLE(1336)] "Name: TypeError
Message: b.onAnchorTap is not a function
File name: undefined
Stacktrace: TypeError: b.onAnchorTap is not a function
    at _.d.maybeDismissDiscoveryTooltip (https://studio.youtube.com/s/_/creatorstudio/_/js/k=creatorstudio.cs.en.2TfvCns_qCg.es5.O/d=1/exm=channel_dashboard,core/excm=core/ed=1/br=1/rs=ABMqQEsraEWbtoDrEYSTosYQ1lsr-FufRQ/m=dialogs:556:340)
    at Object.Jka [as fn] (https://studio.youtube.com/s/_/creatorstudio/_/js/k=creatorstudio.cs.en.2TfvCns_qCg.es5.O/d=1/excm=core/br=1/rs=ABMqQEsraEWbtoDrEYSTosYQ1lsr-FufRQ/m=core:802:121)
    at Bka (https://studio.youtube.com/s/_/creatorstudio/_/js/k=creatorstudio.cs.en.2TfvCns_qCg.es5.O/d=1/excm=core/br=1/rs=ABMqQEsraEWbtoDrEYSTosYQ1lsr-FufRQ/m=core:785:221)
    at a._propertiesChanged (https://studio.youtube.com/s/_/creatorstudio/_/js/k=creatorstudio.cs.en.2TfvCns_qCg.es5.O/d=1/excm=core/br=1/rs=ABMqQEsraEWbtoDrEYSTosYQ1lsr-FufRQ/m=core:10112:123)
    at b._propertiesChanged (https://studio.youtube.com/s/_/creatorstudio/_/js/k=creatorstudio.cs.en.2TfvCns_qCg.es5.O/d=1/excm=core/br=1/rs=ABMqQEsraEWbtoDrEYSTosYQ1lsr-FufRQ/m=core:39719:311)
    at b._flushProperties (https://studio.youtube.com/s/_/creatorstudio/_/js/k=creatorstudio.cs.en.2TfvCns_qCg.es5.O/d=1/excm=core/br=1/rs=ABMqQEsraEWbtoDrEYSTosYQ1lsr-FufRQ/m=core:10035:200)
    at h.<anonymous> (https://studio.youtube.com/s/_/creatorstudio/_/js/k=creatorstudio.cs.en.2TfvCns_qCg.es5.O/d=1/excm=core/br=1/rs=ABMqQEsraEWbtoDrEYSTosYQ1lsr-FufRQ/m=core:39728:502)
    at x._flushProperties (https://studio.youtube.com/s/_/creatorstudio/_/js/k=creatorstudio.cs.en.2TfvCns_qCg.es5.O/d=1/excm=core/br=1/rs=ABMqQEsraEWbtoDrEYSTosYQ1lsr-FufRQ/m=core:2001:316)
    at a.__enableOrFlushClients (https://studio.youtube.com/s/_/creatorstudio/_/js/k=creatorstudio.cs.en.2TfvCns_qCg.es5.O/d=1/excm=core/br=1/rs=ABMqQEsraEWbtoDrEYSTosYQ1lsr-FufRQ/m=core:10107:190)
    at a._flushClients (https://studio.youtube.com/s/_/creatorstudio/_/js/k=creatorstudio.cs.en.2TfvCns_qCg.es5.O/d=1/excm=core/br=1/rs=ABMqQEsraEWbtoDrEYSTosYQ1lsr-FufRQ/m=core:10106:67) TypeError: b.onAnchorTap is not a function", source: https://studio.youtube.com/s/_/creatorstudio/_/js/k=creatorstudio.cs.en.2TfvCns_qCg.es5.O/d=1/excm=core/br=1/rs=ABMqQEsraEWbtoDrEYSTosYQ1lsr-FufRQ/m=core (1336)
[9712:2500:1112/203834.608:INFO:CONSOLE(556)] "Uncaught TypeError: b.onAnchorTap is not a function", source: https://studio.youtube.com/s/_/creatorstudio/_/js/k=creatorstudio.cs.en.2TfvCns_qCg.es5.O/d=1/exm=channel_dashboard,core/excm=core/ed=1/br=1/rs=ABMqQEsraEWbtoDrEYSTosYQ1lsr-FufRQ/m=dialogs (556)
[9712:2500:1112/203845.115:INFO:CONSOLE(1336)] "Name: Error
Message: Failed to fetch video ({0}) in VideoUploadProgressService: {1}
Error Params: ["o8pk1kI4z5M","{}"]
File name: undefined
Stacktrace: Error: Failed to fetch video ({0}) in VideoUploadProgressService: {1}
    at _.Xh (https://studio.youtube.com/s/_/creatorstudio/_/js/k=creatorstudio.cs.en.2TfvCns_qCg.es5.O/d=1/excm=core/br=1/rs=ABMqQEsraEWbtoDrEYSTosYQ1lsr-FufRQ/m=core:1856:24)
    at _.kub.program_ (https://studio.youtube.com/s/_/creatorstudio/_/js/k=creatorstudio.cs.en.2TfvCns_qCg.es5.O/d=1/excm=core/br=1/rs=ABMqQEsraEWbtoDrEYSTosYQ1lsr-FufRQ/m=core:45555:485)
    at mub (https://studio.youtube.com/s/_/creatorstudio/_/js/k=creatorstudio.cs.en.2TfvCns_qCg.es5.O/d=1/excm=core/br=1/rs=ABMqQEsraEWbtoDrEYSTosYQ1lsr-FufRQ/m=core:5200:58)
    at _.kub.throw_ (https://studio.youtube.com/s/_/creatorstudio/_/js/k=creatorstudio.cs.en.2TfvCns_qCg.es5.O/d=1/excm=core/br=1/rs=ABMqQEsraEWbtoDrEYSTosYQ1lsr-FufRQ/m=core:5198:205)
    at _.oub.throw (https://studio.youtube.com/s/_/creatorstudio/_/js/k=creatorstudio.cs.en.2TfvCns_qCg.es5.O/d=1/excm=core/br=1/rs=ABMqQEsraEWbtoDrEYSTosYQ1lsr-FufRQ/m=core:5202:33)
    at c (https://studio.youtube.com/s/_/creatorstudio/_/js/k=creatorstudio.cs.en.2TfvCns_qCg.es5.O/d=1/excm=core/br=1/rs=ABMqQEsraEWbtoDrEYSTosYQ1lsr-FufRQ/m=core:5206:29) Error: Failed to fetch video ({0}) in VideoUploadProgressService: {1}", source: https://studio.youtube.com/s/_/creatorstudio/_/js/k=creatorstudio.cs.en.2TfvCns_qCg.es5.O/d=1/excm=core/br=1/rs=ABMqQEsraEWbtoDrEYSTosYQ1lsr-FufRQ/m=core (1336)
[9712:2500:1112/203845.579:INFO:CONSOLE(0)] "Error with Permissions-Policy header: Unrecognized feature: 'ambient-light-sensor'.", source:  (0)
[9712:2500:1112/203848.495:INFO:CONSOLE(235)] "
%cStop! font-family:helvetica; font-size:20px; font-size:50px; font-weight:bold; color:red; -webkit-text-stroke:1px black;", source: https://static.cdninstagram.com/rsrc.php/v3/yR/r/rQQsZJp4K9N.js?_nc_x=Ij3Wp8lg5Kz (235)
[9712:2500:1112/203848.496:INFO:CONSOLE(235)] "
%cThis is a browser feature intended for developers. If someone told you to copy-paste something here to enable an Instagram feature or "hack" someone's account, it is a scam and will give them access to your Instagram account. font-family:helvetica; font-size:20px; ", source: https://static.cdninstagram.com/rsrc.php/v3/yR/r/rQQsZJp4K9N.js?_nc_x=Ij3Wp8lg5Kz (235)
[9712:2500:1112/203848.496:INFO:CONSOLE(235)] "
%cSee https://www.facebook.com/selfxss for more information. font-family:helvetica; font-size:20px; ", source: https://static.cdninstagram.com/rsrc.php/v3/yR/r/rQQsZJp4K9N.js?_nc_x=Ij3Wp8lg5Kz (235)
[9712:2500:1112/203848.496:INFO:CONSOLE(235)] "
%c ", source: https://static.cdninstagram.com/rsrc.php/v3/yR/r/rQQsZJp4K9N.js?_nc_x=Ij3Wp8lg5Kz (235)
[9712:2500:1112/203851.750:INFO:CONSOLE(0)] "Error with Permissions-Policy header: Unrecognized feature: 'ambient-light-sensor'.", source:  (0)
[9712:2500:1112/203852.156:INFO:CONSOLE(61)] "ErrorUtils caught an error:

[LinkDeviceToTheSession] fetch is not 200: 404 [Caught in: [DeviceRegistration] webworker]

Subsequent non-fatal errors won't be logged; see https://fburl.com/debugjs.", source: https://static.cdninstagram.com/rsrc.php/v3/yR/r/rQQsZJp4K9N.js?_nc_x=Ij3Wp8lg5Kz (61)
[9712:2500:1112/204213.786:WARNING:pref_notifier_impl.cc(41)] Pref observer for media_router.cast_allow_all_ips found at shutdown.
